Построение начато 03.09.2013 15:23:50.
     1>Проект "E:\PROJECT\newlife\HF\Guard\client\dsetup\dsetup.vcxproj" в узле 2 (целевые объекты build).
     1>InitializeBuildStatus:
         Создание "Debug\dsetup.unsuccessfulbuild", так как было задано "AlwaysCreate".
       ClCompile:
         C:\Program Files (x86)\Microsoft Visual Studio 10.0\VC\bin\CL.exe /c /ZI /nologo /W3 /WX- /Od /Oy- /D WIN32 /D _DEBUG /D _WINDOWS /D _USRDLL /D DSETUP_EXPORTS /D _WINDLL /D _UNICODE /D UNICODE /Gm /EHsc /RTC1 /MTd /GS /fp:precise /Zc:wchar_t /Zc:forScope /Fo"Debug\\" /Fd"Debug\vc100.pdb" /Gd /TP /analyze- /errorReport:prompt main.cpp
         main.cpp
     1>e:\project\newlife\hf\guard\client\dsetup\main.cpp(253): warning C4554: &: проверьте порядок применения операторов на наличие ошибки; для четкого задания порядка используйте скобки
     1>e:\project\newlife\hf\guard\client\dsetup\main.cpp(265): warning C4554: &: проверьте порядок применения операторов на наличие ошибки; для четкого задания порядка используйте скобки
     1>e:\project\newlife\hf\guard\client\dsetup\main.cpp(265): warning C4554: &: проверьте порядок применения операторов на наличие ошибки; для четкого задания порядка используйте скобки
     1>e:\project\newlife\hf\guard\client\dsetup\main.cpp(277): warning C4554: &: проверьте порядок применения операторов на наличие ошибки; для четкого задания порядка используйте скобки
       ResourceCompile:
         Для всех выходных данных обновления не требуется.
       ManifestResourceCompile:
         Для всех выходных данных обновления не требуется.
       Link:
         C:\Program Files (x86)\Microsoft Visual Studio 10.0\VC\bin\link.exe /ERRORREPORT:PROMPT /OUT:"..\out\dsetup.dll" /INCREMENTAL /NOLOGO kernel32.lib user32.lib gdi32.lib winspool.lib comdlg32.lib advapi32.lib shell32.lib ole32.lib oleaut32.lib uuid.lib odbc32.lib odbccp32.lib /DEF:"dsetup.def" /MANIFEST /ManifestFile:"Debug\dsetup.dll.intermediate.manifest" /MANIFESTUAC:"level='asInvoker' uiAccess='false'" /DEBUG /PDB:"E:\PROJECT\newlife\HF\Guard\client\out\dsetup.pdb" /SUBSYSTEM:WINDOWS /TLBID:1 /DYNAMICBASE /NXCOMPAT /IMPLIB:"..\out\dsetup.lib" /MACHINE:X86 /DLL Debug\resource.res
         Debug\dsetup.dll.embed.manifest.res
         Debug\Blowfish.obj
         Debug\Hook.obj
         Debug\main.obj
       Manifest:
         C:\Program Files (x86)\Microsoft SDKs\Windows\v7.0A\bin\mt.exe /nologo /verbose /out:"Debug\dsetup.dll.embed.manifest" /manifest Debug\dsetup.dll.intermediate.manifest
         Для всех выходных данных обновления не требуется.
       LinkEmbedManifest:
         Для всех выходных данных обновления не требуется.
         dsetup.vcxproj -> E:\PROJECT\newlife\HF\Guard\client\dsetup\..\out\dsetup.dll
       FinalizeBuildStatus:
         Файл "Debug\dsetup.unsuccessfulbuild" удаляется.
         Обращение к "Debug\dsetup.lastbuildstate".
     1>Построение проекта "E:\PROJECT\newlife\HF\Guard\client\dsetup\dsetup.vcxproj" завершено (целевые объекты build).

Построение успешно завершено.

Затраченное время: 00:00:01.63
